<?xml version="1.0" encoding="UTF-8"?>
<testsuite xmlns:xsi="http://www.w3.org/2001/XMLSchema-instance" xsi:noNamespaceSchemaLocation="https://maven.apache.org/surefire/maven-surefire-plugin/xsd/surefire-test-report.xsd" version="3.0.2" name="com.exam.webhooksql.WebhooksqlApplicationTests" time="2.585" tests="1" errors="0" skipped="0" failures="0">
  <properties>
[...]
</properties>
  <testcase name="contextLoads" classname="com.exam.webhooksql.WebhooksqlApplicationTests" time="0.634">
    <system-out><![CDATA[13:58:05.348 [main] INFO org.springframework.test.context.support.AnnotationConfigContextLoaderUtils -- Could not detect default configuration classes for test class [com.exam.webhooksql.WebhooksqlApplicationTests]: WebhooksqlApplicationTests does not declare any static, non-private, non-final, nested classes annotated with @Configuration.
13:58:05.507 [main] INFO org.springframework.boot.test.context.SpringBootTestContextBootstrapper -- Found @SpringBootConfiguration com.exam.webhooksql.WebhooksqlApplication for test class com.exam.webhooksql.WebhooksqlApplicationTests

  .   ____          _            __ _ _
 /\\ / ___'_ __ _ _(_)_ __  __ _ \ \ \ \
( ( )\___ | '_ | '_| | '_ \/ _` | \ \ \ \
 \\/  ___)| |_)| | | | | || (_| |  ) ) ) )
  '  |____| .__|_| |_|_| |_\__, | / / / /
 =========|_|==============|___/=/_/_/_/

 :: Spring Boot ::                (v4.0.2)

2026-02-06T13:58:05.821+05:30  INFO 30560 --- [webhooksql] [           main] c.e.w.WebhooksqlApplicationTests         : Starting WebhooksqlApplicationTests using Java 25.0.1 with PID 30560 (started by ayush in C:\Users\ayush\OneDrive\Desktop\webhooksql\webhooksql)
2026-02-06T13:58:05.823+05:30  INFO 30560 --- [webhooksql] [           main] c.e.w.WebhooksqlApplicationTests         : No active profile set, falling back to 1 default profile: "default"
2026-02-06T13:58:06.523+05:30  INFO 30560 --- [webhooksql] [           main] c.e.w.WebhooksqlApplicationTests         : Started WebhooksqlApplicationTests in 0.907 seconds (process running for 2.644)
successfully submitted
]]></system-out>
    <system-err><![CDATA[Mockito is currently self-attaching to enable the inline-mock-maker. This will no longer work in future releases of the JDK. Please add Mockito as an agent to your build as described in Mockito's documentation: https://javadoc.io/doc/org.mockito/mockito-core/latest/org.mockito/org/mockito/Mockito.html#0.3
WARNING: A Java agent has been loaded dynamically (C:\Users\ayush\.m2\repository\net\bytebuddy\byte-buddy-agent\1.17.8\byte-buddy-agent-1.17.8.jar)
WARNING: If a serviceability tool is in use, please run with -XX:+EnableDynamicAgentLoading to hide this warning
WARNING: If a serviceability tool is not in use, please run with -Djdk.instrument.traceUsage for more information
WARNING: Dynamic loading of agents will be disallowed by default in a future release
]]></system-err>
  </testcase>
</testsuite>